feh WARNING: /usr/share/backgrounds/archlinux/arch-wallpaper.jpg does not exist - skipping
feh: No loadable images specified.
See 'feh --help' or 'man feh' for detailed usage information
polybar|notice:  Parsing config file: /home/liveuser/.config/polybar/config.ini
polybar|notice:  Listening for IPC messages (PID: 1694)
polybar|notice:  Loading module 'bspwm' of type 'internal/bspwm'
polybar|notice:  Loading module 'xwindow' of type 'internal/xwindow'
polybar|notice:  Loading module 'kernel' of type 'custom/script'
polybar|notice:  Loading module 'pavolume' of type 'custom/script'
polybar|notice:  Loading module 'memory2' of type 'internal/memory'
polybar|notice:  Loading module 'cpu2' of type 'internal/cpu'
polybar|notice:  Loading module 'date' of type 'internal/date'
polybar|notice:  Loading module 'tray' of type 'internal/tray'
polybar|notice:  Loaded 8 modules
pgrep: pattern that searches for process name longer than 15 characters will result in zero matches
Try `pgrep -f' option to match against the complete command line.
conky: desktop window (200003) is subwindow of root window (3fe)
conky: window type - desktop
conky: drawing to created window (0xc00002)
conky: drawing to double buffer
conky: forked to background, pid is 1762

[ 03/05/24 04:27:40.794 parse_config_libconfig WARN ] The refresh-rate option has been deprecated. Please remove it from your configuration file. If you encounter any problems without this feature, please feel free to open a bug report
MESA: error: ZINK: vkCreateInstance failed (VK_ERROR_INCOMPATIBLE_DRIVER)
glx: failed to create drisw screen
MESA: error: ZINK: vkCreateInstance failed (VK_ERROR_INCOMPATIBLE_DRIVER)
failed to load driver: zink
glx: failed to create drisw screen
failed to load driver: zink
MESA: error: ZINK: vkCreateInstance failed (VK_ERROR_INCOMPATIBLE_DRIVER)
MESA: error: ZINK: vkCreateInstance failed (VK_ERROR_INCOMPATIBLE_DRIVER)
glx: failed to create drisw screen
glx: failed to create drisw screen
failed to load driver: zink
failed to load driver: zink
MESA: error: ZINK: vkCreateInstance failed (VK_ERROR_INCOMPATIBLE_DRIVER)
glx: failed to create drisw screen
failed to load driver: zink

(xfce4-power-manager:1743): xfce4-power-manager-WARNING **: 04:27:45.175: Unable to connect to session manager : Failed to connect to the session manager: SESSION_MANAGER environment variable not defined
ERROR: 2024-03-05 04:28:03,481: perform_upgrade() 'Error during version upgrade. Continuing.'
Traceback (most recent call last):
  File "/usr/lib/python3.11/site-packages/variety/VarietyWindow.py", line 2283, in perform_upgrade
    if Util.compare_versions(last_version, "0.4.13") < 0:
       ^^^^^^^^^^^^^^^^^^^^^^^^^^^^^^^^^^^^^^^^^^^^^
  File "/usr/lib/python3.11/site-packages/variety/Util.py", line 768, in compare_versions
    from pkg_resources import parse_version
ModuleNotFoundError: No module named 'pkg_resources'
WARNING: 2024-03-05 04:28:04,219: create_menu() 'Variety Slideshow is not installed. This is an optional extension adding pan-and-zoom slideshows to Variety: see https://github.com/peterlevi/variety-slideshow for details'
polybar|notice:  Loaded font "Noto Sans:size=10" (name=Noto Sans, offset=0, file=/usr/share/fonts/noto/NotoSans-Regular.ttf)
polybar|notice:  Loaded font "FontAwesome:size=13" (name=FontAwesome, offset=0, file=/usr/share/fonts/awesome-terminal-fonts/fontawesome-regular.ttf)
polybar|notice:  Loaded font "Noto Sans:size=10" (name=Noto Sans, offset=0, file=/usr/share/fonts/noto/NotoSans-Regular.ttf)
polybar|notice:  Loaded font "Noto Sans Mono:size=10" (name=Noto Sans Mono, offset=0, file=/usr/share/fonts/noto/NotoSansMono-Regular.ttf)

** (volumeicon:1730): WARNING **: 04:28:09.547: Binding 'AudioRaiseVolume' failed!
Failed to bind AudioRaiseVolume

** (volumeicon:1730): WARNING **: 04:28:09.548: Binding 'AudioLowerVolume' failed!
Failed to bind AudioLowerVolume

** (volumeicon:1730): WARNING **: 04:28:09.548: Binding 'AudioMute' failed!
Failed to bind AudioMute
polybar|error: Failed to reconfigure client(0x0600003, pamac-tray), removing... (XCB_WINDOW (3))
polybar|error: tray: Failed to unembed window '' (0x0600003)

(pamac-tray:1744): Gdk-CRITICAL **: 04:28:10.363: gdk_window_thaw_toplevel_updates: assertion 'window->update_and_descendants_freeze_count > 0' failed
polybar|error: Failed to reconfigure client(0x2200007, variety), removing... (XCB_WINDOW (3))
polybar|error: tray: Failed to unembed window '' (0x2200007)

(variety:1736): Gdk-CRITICAL **: 04:28:11.589: gdk_window_thaw_toplevel_updates: assertion 'window->update_and_descendants_freeze_count > 0' failed
ERROR: 2024-03-05 04:28:16,309: set_desktop_wallpaper() 'Timeout while running set_wallpaper script, killed'
** Message: 04:28:40.697: updates_checker.vala:70: check updates
** Message: 04:28:47.617: updates_checker.vala:100: 208 updates found
MESA: error: ZINK: vkCreateInstance failed (VK_ERROR_INCOMPATIBLE_DRIVER)
glx: failed to create drisw screen
failed to load driver: zink
